<?xml version="1.0" encoding="UTF-8"?>
<!-- Generated by org.testng.reporters.JUnitXMLReporter -->
<testsuite hostname="LAPTOP-94EP1FIV" ignored="0" name="Test" tests="1" failures="1" timestamp="24 Jun 2020 04:24:15 GMT" time="14.174" errors="0">
  <testcase name="@AfterTest closeBrowser" time="0.001" classname="testCases.TestCase_001">
    <failure type="java.lang.NullPointerException">
      <![CDATA[java.lang.NullPointerException
at testCases.TestCase_001.closeBrowser(TestCase_001.java:34)
... Removed 24 stack frames]]>
    </failure>
  </testcase> <!-- @AfterTest closeBrowser -->
  <testcase name="getGameCollection" time="0.004" classname="testCases.TestCase_001">
    <failure type="java.lang.NullPointerException">
      <![CDATA[java.lang.NullPointerException
at testCases.TestCase_001.getGameCollection(TestCase_001.java:29)
... Removed 25 stack frames]]>
    </failure>
  </testcase> <!-- getGameCollection -->
</testsuite> <!-- Test -->
