<?xml version="1.0" encoding="UTF-8"?>
<testng-results skipped="0" failed="0" ignored="0" total="1" passed="1">
  <reporter-output>
  </reporter-output>
  <suite name="Suite" duration-ms="12723" started-at="2020-06-24T03:24:50Z" finished-at="2020-06-24T03:25:02Z">
    <groups>
    </groups>
    <test name="Test" duration-ms="12723" started-at="2020-06-24T03:24:50Z" finished-at="2020-06-24T03:25:02Z">
      <class name="testCases.TestCase_001">
        <test-method status="PASS" signature="launchBrowser()[pri:0, instance:testCases.TestCase_001@757942a1]" name="launchBrowser" is-config="true" duration-ms="11600" started-at="2020-06-24T03:24:50Z" finished-at="2020-06-24T03:25:01Z">
          <reporter-output>
          </reporter-output>
        </test-method> <!-- launchBrowser -->
        <test-method status="PASS" signature="getGameCollection()[pri:0, instance:testCases.TestCase_001@757942a1]" name="getGameCollection" duration-ms="2" started-at="2020-06-24T03:25:01Z" finished-at="2020-06-24T03:25:01Z">
          <reporter-output>
          </reporter-output>
        </test-method> <!-- getGameCollection -->
        <test-method status="PASS" signature="closeBrowser()[pri:0, instance:testCases.TestCase_001@757942a1]" name="closeBrowser" is-config="true" duration-ms="1093" started-at="2020-06-24T03:25:01Z" finished-at="2020-06-24T03:25:02Z">
          <reporter-output>
          </reporter-output>
        </test-method> <!-- closeBrowser -->
      </class> <!-- testCases.TestCase_001 -->
    </test> <!-- Test -->
  </suite> <!-- Suite -->
</testng-results>
