<?xml version="1.0" encoding="UTF-8"?>
<testng-results skipped="0" failed="0" ignored="0" total="2" passed="2">
  <reporter-output>
  </reporter-output>
  <suite name="Default suite" duration-ms="15588" started-at="2020-06-24T06:27:56Z" finished-at="2020-06-24T06:28:12Z">
    <groups>
    </groups>
    <test name="Default test" duration-ms="15588" started-at="2020-06-24T06:27:56Z" finished-at="2020-06-24T06:28:12Z">
      <class name="testCases.TestCase_001">
        <test-method status="PASS" signature="launchBrowser()[pri:0, instance:testCases.TestCase_001@3159c4b8]" name="launchBrowser" is-config="true" duration-ms="10589" started-at="2020-06-24T06:27:56Z" finished-at="2020-06-24T06:28:07Z">
          <reporter-output>
          </reporter-output>
        </test-method> <!-- launchBrowser -->
        <test-method status="PASS" signature="getGameCollection()[pri:0, instance:testCases.TestCase_001@3159c4b8]" name="getGameCollection" duration-ms="125" started-at="2020-06-24T06:28:07Z" finished-at="2020-06-24T06:28:07Z">
          <reporter-output>
          </reporter-output>
        </test-method> <!-- getGameCollection -->
        <test-method status="PASS" signature="getAPI(java.lang.String, java.lang.String)[pri:1, instance:testCases.TestCase_001@3159c4b8]" name="getAPI" duration-ms="3151" started-at="2020-06-24T06:28:07Z" data-provider="getData" finished-at="2020-06-24T06:28:10Z">
          <params>
            <param index="0">
              <value>
                <![CDATA[pune]]>
              </value>
            </param>
            <param index="1">
              <value>
                <![CDATA[e686306e2c24a6ab1821bf94ed870e29]]>
              </value>
            </param>
          </params>
          <reporter-output>
          </reporter-output>
        </test-method> <!-- getAPI -->
        <test-method status="PASS" signature="closeBrowser()[pri:0, instance:testCases.TestCase_001@3159c4b8]" name="closeBrowser" is-config="true" duration-ms="1687" started-at="2020-06-24T06:28:10Z" finished-at="2020-06-24T06:28:12Z">
          <reporter-output>
          </reporter-output>
        </test-method> <!-- closeBrowser -->
      </class> <!-- testCases.TestCase_001 -->
    </test> <!-- Default test -->
  </suite> <!-- Default suite -->
</testng-results>
